host: nixos
Building DAG of jobs...
Using shell: /nix/store/126zbg10gjaxgs1kxz69h05ai95266cg-bash-interactive-5.2p37/bin/bash
Provided cores: 22
Rules claiming more threads will be scaled down.
Job stats:
job                            count
---------------------------  -------
all                                1
build_pydev_image                  1
build_sql_image                    1
build_surge_image                  1
create_database_schema             1
create_docker_network              1
draw_molecules                     1
fragment_analysis                  1
generate_summary_statistics        1
insert_data_to_db                  1
process_csv                        1
run_sql_container                  1
run_surge                          1
validation_error_analysis          1
total                             14

Select jobs to execute...
Execute 4 jobs...

[Sun Dec 15 18:30:48 2024]
localrule build_pydev_image:
    output: sentinel/pydev_image.sentinel
    jobid: 3
    reason: Missing output files: sentinel/pydev_image.sentinel
    resources: tmpdir=/tmp/nix-shell-37431-0/nix-shell-118244-0


[Sun Dec 15 18:30:48 2024]
localrule build_sql_image:
    output: sentinel/sql_sentinel
    jobid: 2
    reason: Missing output files: sentinel/sql_sentinel
    resources: tmpdir=/tmp/nix-shell-37431-0/nix-shell-118244-0


[Sun Dec 15 18:30:48 2024]
localrule build_surge_image:
    output: sentinel/surge_image.sentinel
    jobid: 7
    reason: Missing output files: sentinel/surge_image.sentinel
    resources: tmpdir=/tmp/nix-shell-37431-0/nix-shell-118244-0


[Sun Dec 15 18:30:48 2024]
localrule create_docker_network:
    output: sentinel/network_sentinel
    jobid: 1
    reason: Missing output files: sentinel/network_sentinel
    resources: tmpdir=/tmp/nix-shell-37431-0/nix-shell-118244-0

[Sun Dec 15 18:30:48 2024]
Finished job 7.
1 of 14 steps (7%) done
[Sun Dec 15 18:30:48 2024]
Finished job 2.
2 of 14 steps (14%) done
[Sun Dec 15 18:30:48 2024]
Finished job 1.
3 of 14 steps (21%) done
Select jobs to execute...
Execute 1 jobs...

[Sun Dec 15 18:30:48 2024]
localrule run_sql_container:
    input: sentinel/sql_sentinel, sentinel/network_sentinel
    output: sentinel/sql_running_sentinel
    jobid: 5
    reason: Missing output files: sentinel/sql_running_sentinel; Input files updated by another job: sentinel/sql_sentinel, sentinel/network_sentinel
    resources: tmpdir=/tmp/nix-shell-37431-0/nix-shell-118244-0

[Sun Dec 15 18:30:52 2024]
Finished job 5.
4 of 14 steps (29%) done
[Sun Dec 15 18:31:21 2024]
Error in rule build_pydev_image:
    jobid: 3
    output: sentinel/pydev_image.sentinel
    shell:
        
        if ! docker images | grep -q 'pydev'; then
            docker build -t pydev containers/python-container
        fi
        touch sentinel/pydev_image.sentinel
        
        (one of the commands exited with non-zero exit code; note that snakemake uses bash strict mode!)

Shutting down, this might take some time.
Exiting because a job execution failed. Look above for error message
Complete log: .snakemake/log/2024-12-15T183047.897231.snakemake.log
WorkflowError:
At least one job did not complete successfully.
