host: nixos
Building DAG of jobs...
Using shell: /nix/store/126zbg10gjaxgs1kxz69h05ai95266cg-bash-interactive-5.2p37/bin/bash
Provided cores: 22
Rules claiming more threads will be scaled down.
Job stats:
job      count
-----  -------
app          1
total        1

Select jobs to execute...
Execute 1 jobs...

[Sun Dec 15 19:06:12 2024]
localrule app:
    jobid: 0
    reason: Rules with neither input nor output files are always executed.
    resources: tmpdir=/tmp/nix-shell-2920-0

[Sun Dec 15 19:06:13 2024]
Error in rule app:
    jobid: 0
    shell:
        
        docker run --rm --user $(id -u):$(id -g) --network=my_network             -v $(pwd)/config:/workspace/snakemake/config             -v $(pwd)/app:/workspace/app -v $(pwd)/app/templates:/workspace/app/templates             -w /workspace/app -p 5000:5000 pydev             /opt/conda/envs/pydev/bin/python app.py
        
        (one of the commands exited with non-zero exit code; note that snakemake uses bash strict mode!)

Shutting down, this might take some time.
Exiting because a job execution failed. Look above for error message
Complete log: .snakemake/log/2024-12-15T190612.637928.snakemake.log
WorkflowError:
At least one job did not complete successfully.
