host: nixos
Building DAG of jobs...
Relative file path './input.txt' starts with './'. This is redundant and strongly discouraged. It can also lead to inconsistent results of the file-matching approach used by Snakemake. You can simply omit the './' for relative file paths.
Using shell: /nix/store/mm0pa3z7kk6jh1i9rkxqxjqmd8h1qpxf-bash-5.2p37/bin/bash
Provided cores: 22
Rules claiming more threads will be scaled down.
Job stats:
job            count
-----------  -------
count_words        1
total              1

Select jobs to execute...
Execute 1 jobs...

[Wed Nov 13 11:03:41 2024]
localrule count_words:
    input: ./input.txt
    output: /output.txt
    jobid: 0
    reason: Missing output files: /output.txt
    resources: tmpdir=/tmp/nix-shell.vsTe9n

[Wed Nov 13 11:03:41 2024]
Error in rule count_words:
    jobid: 0
    input: ./input.txt
    output: /output.txt
    shell:
        wc -w ./input.txt > /output.txt
        (one of the commands exited with non-zero exit code; note that snakemake uses bash strict mode!)

Shutting down, this might take some time.
Exiting because a job execution failed. Look above for error message
Complete log: .snakemake/log/2024-11-13T110341.574378.snakemake.log
WorkflowError:
At least one job did not complete successfully.
