host: nixos
Building DAG of jobs...
Using shell: /nix/store/126zbg10gjaxgs1kxz69h05ai95266cg-bash-interactive-5.2p37/bin/bash
Provided cores: 22
Rules claiming more threads will be scaled down.
Job stats:
job                  count
-----------------  -------
all                      1
build_pydev_image        1
build_surge_image        1
check_lipinski           1
run_surge                1
total                    5

Select jobs to execute...
Execute 2 jobs...

[Tue Dec  3 12:52:10 2024]
localrule build_surge_image:
    output: surge_image.sentinel
    jobid: 3
    reason: Missing output files: surge_image.sentinel
    resources: tmpdir=/tmp/nix-shell-2724-0


[Tue Dec  3 12:52:10 2024]
localrule build_pydev_image:
    output: pydev_image.sentinel
    jobid: 4
    reason: Missing output files: pydev_image.sentinel
    resources: tmpdir=/tmp/nix-shell-2724-0

[Tue Dec  3 12:52:11 2024]
Finished job 4.
1 of 5 steps (20%) done
[Tue Dec  3 12:52:11 2024]
Finished job 3.
2 of 5 steps (40%) done
Select jobs to execute...
Execute 1 jobs...

[Tue Dec  3 12:52:11 2024]
localrule run_surge:
    input: surge_input.txt, surge_image.sentinel
    output: surge_output.smi
    jobid: 2
    reason: Missing output files: surge_output.smi; Input files updated by another job: surge_image.sentinel
    resources: tmpdir=/tmp/nix-shell-2724-0

[Tue Dec  3 12:52:12 2024]
Finished job 2.
3 of 5 steps (60%) done
Select jobs to execute...
Execute 1 jobs...

[Tue Dec  3 12:52:12 2024]
localrule check_lipinski:
    input: surge_output.smi, pydev_image.sentinel
    output: lipinski_results.csv
    jobid: 1
    reason: Missing output files: lipinski_results.csv; Input files updated by another job: surge_output.smi, pydev_image.sentinel
    resources: tmpdir=/tmp/nix-shell-2724-0

[Tue Dec  3 12:52:12 2024]
Finished job 1.
4 of 5 steps (80%) done
Select jobs to execute...
Execute 1 jobs...

[Tue Dec  3 12:52:12 2024]
localrule all:
    input: lipinski_results.csv
    jobid: 0
    reason: Input files updated by another job: lipinski_results.csv
    resources: tmpdir=/tmp/nix-shell-2724-0

[Tue Dec  3 12:52:12 2024]
Finished job 0.
5 of 5 steps (100%) done
Complete log: .snakemake/log/2024-12-03T125210.333014.snakemake.log
