host: nixos
Building DAG of jobs...
Using shell: /nix/store/126zbg10gjaxgs1kxz69h05ai95266cg-bash-interactive-5.2p37/bin/bash
Provided cores: 22
Rules claiming more threads will be scaled down.
Job stats:
job                      count
---------------------  -------
all                          1
build_snakemake_image        1
build_surge_image            1
check_lipinski               1
run_surge                    1
total                        5

Select jobs to execute...
Execute 2 jobs...

[Tue Dec  3 11:45:02 2024]
localrule build_surge_image:
    output: surge_image.sentinel
    jobid: 3
    reason: Missing output files: surge_image.sentinel
    resources: tmpdir=/tmp/nix-shell-88791-0/nix-shell-89971-0


[Tue Dec  3 11:45:02 2024]
localrule build_snakemake_image:
    output: snakemake_image.sentinel
    jobid: 4
    reason: Missing output files: snakemake_image.sentinel
    resources: tmpdir=/tmp/nix-shell-88791-0/nix-shell-89971-0

[Tue Dec  3 11:45:02 2024]
Finished job 3.
1 of 5 steps (20%) done
Select jobs to execute...
Execute 1 jobs...

[Tue Dec  3 11:45:02 2024]
localrule run_surge:
    input: surge_input.txt, surge_image.sentinel
    output: surge_output.smi
    jobid: 2
    reason: Input files updated by another job: surge_image.sentinel; Set of input files has changed since last execution
    resources: tmpdir=/tmp/nix-shell-88791-0/nix-shell-89971-0

[Tue Dec  3 11:45:02 2024]
Finished job 4.
2 of 5 steps (40%) done
[Tue Dec  3 11:45:02 2024]
Error in rule run_surge:
    jobid: 2
    input: surge_input.txt, surge_image.sentinel
    output: surge_output.smi
    shell:
        
        docker run --rm -v $(pwd):/workspace -w /workspace surge         ./surge.sh "$(cat surge_input.txt)" surge_output.smi
        
        (one of the commands exited with non-zero exit code; note that snakemake uses bash strict mode!)

Shutting down, this might take some time.
Exiting because a job execution failed. Look above for error message
Complete log: .snakemake/log/2024-12-03T114502.579106.snakemake.log
WorkflowError:
At least one job did not complete successfully.
