host: nixos
Building DAG of jobs...
Using shell: /nix/store/126zbg10gjaxgs1kxz69h05ai95266cg-bash-interactive-5.2p37/bin/bash
Provided cores: 22
Rules claiming more threads will be scaled down.
Job stats:
job               count
--------------  -------
all                   1
check_lipinski        1
run_surge             1
total                 3

Select jobs to execute...
Execute 1 jobs...

[Tue Dec  3 13:13:49 2024]
localrule run_surge:
    input: surge_input.txt, surge_image.sentinel
    output: surge_output_20241203_131349.smi
    jobid: 2
    reason: Missing output files: surge_output_20241203_131349.smi
    wildcards: timestamp=20241203_131349
    resources: tmpdir=/tmp/nix-shell-2724-0

[Tue Dec  3 13:13:49 2024]
Finished job 2.
1 of 3 steps (33%) done
Select jobs to execute...
Execute 1 jobs...

[Tue Dec  3 13:13:49 2024]
localrule check_lipinski:
    input: surge_output_20241203_131349.smi, pydev_image.sentinel
    output: lipinski_results_20241203_131349.csv
    jobid: 1
    reason: Missing output files: lipinski_results_20241203_131349.csv; Input files updated by another job: surge_output_20241203_131349.smi
    wildcards: timestamp=20241203_131349
    resources: tmpdir=/tmp/nix-shell-2724-0

[Tue Dec  3 13:13:50 2024]
Finished job 1.
2 of 3 steps (67%) done
Select jobs to execute...
Execute 1 jobs...

[Tue Dec  3 13:13:50 2024]
localrule all:
    input: lipinski_results_20241203_131349.csv
    jobid: 0
    reason: Input files updated by another job: lipinski_results_20241203_131349.csv
    resources: tmpdir=/tmp/nix-shell-2724-0

[Tue Dec  3 13:13:50 2024]
Finished job 0.
3 of 3 steps (100%) done
Complete log: .snakemake/log/2024-12-03T131349.081969.snakemake.log
