host: nixos
Building DAG of jobs...
Using shell: /nix/store/126zbg10gjaxgs1kxz69h05ai95266cg-bash-interactive-5.2p37/bin/bash
Provided cores: 22
Rules claiming more threads will be scaled down.
Job stats:
job                  count
-----------------  -------
build_pydev_image        1
total                    1

Select jobs to execute...
Execute 1 jobs...

[Sun Dec 15 19:29:57 2024]
localrule build_pydev_image:
    output: sentinel/pydev_image.sentinel
    jobid: 0
    reason: Missing output files: sentinel/pydev_image.sentinel
    resources: tmpdir=/tmp/nix-shell-2920-0

[Sun Dec 15 19:30:28 2024]
Error in rule build_pydev_image:
    jobid: 0
    output: sentinel/pydev_image.sentinel
    shell:
        
        if ! docker images | grep -q 'pydev'; then
            docker build -t pydev containers/python-container
        fi
        touch sentinel/pydev_image.sentinel
        
        (one of the commands exited with non-zero exit code; note that snakemake uses bash strict mode!)

Shutting down, this might take some time.
Exiting because a job execution failed. Look above for error message
Complete log: .snakemake/log/2024-12-15T192957.804134.snakemake.log
WorkflowError:
At least one job did not complete successfully.
