host: nixos
Building DAG of jobs...
Using shell: /nix/store/126zbg10gjaxgs1kxz69h05ai95266cg-bash-interactive-5.2p37/bin/bash
Provided cores: 22
Rules claiming more threads will be scaled down.
Job stats:
job               count
--------------  -------
all                   1
check_lipinski        1
run_surge             1
total                 3

Select jobs to execute...
Execute 1 jobs...

[Tue Dec  3 12:23:53 2024]
localrule run_surge:
    input: surge_input.txt, surge_image.sentinel
    output: surge_output.smi
    jobid: 2
    reason: Missing output files: surge_output.smi
    resources: tmpdir=/tmp/nix-shell-135346-0

[Tue Dec  3 12:23:54 2024]
Error in rule run_surge:
    jobid: 2
    input: surge_input.txt, surge_image.sentinel
    output: surge_output.smi
    shell:
        
        docker run --rm -v $(pwd):/workspace -w /workspace surge         ./surge.sh "$(cat surge_input.txt)" surge_output.smi
        
        (one of the commands exited with non-zero exit code; note that snakemake uses bash strict mode!)

Shutting down, this might take some time.
Exiting because a job execution failed. Look above for error message
Complete log: .snakemake/log/2024-12-03T122353.781682.snakemake.log
WorkflowError:
At least one job did not complete successfully.
