host: nixos
Building DAG of jobs...
Using shell: /nix/store/126zbg10gjaxgs1kxz69h05ai95266cg-bash-interactive-5.2p37/bin/bash
Provided cores: 22
Rules claiming more threads will be scaled down.
Job stats:
job               count
--------------  -------
all                   1
check_lipinski        1
total                 2

Select jobs to execute...
Execute 1 jobs...

[Tue Nov 26 23:53:54 2024]
localrule check_lipinski:
    input: surge_output.smi
    output: lipinski_results.csv
    jobid: 1
    reason: Missing output files: lipinski_results.csv
    resources: tmpdir=/tmp/nix-shell.LIKsMO/nix-shell-220509-0

[Tue Nov 26 23:53:54 2024]
Finished job 1.
1 of 2 steps (50%) done
Select jobs to execute...
Execute 1 jobs...

[Tue Nov 26 23:53:54 2024]
localrule all:
    input: lipinski_results.csv
    jobid: 0
    reason: Input files updated by another job: lipinski_results.csv
    resources: tmpdir=/tmp/nix-shell.LIKsMO/nix-shell-220509-0

[Tue Nov 26 23:53:54 2024]
Finished job 0.
2 of 2 steps (100%) done
Complete log: .snakemake/log/2024-11-26T235354.551975.snakemake.log
