host: nixos
Building DAG of jobs...
Using shell: /nix/store/126zbg10gjaxgs1kxz69h05ai95266cg-bash-interactive-5.2p37/bin/bash
Provided cores: 22
Rules claiming more threads will be scaled down.
Job stats:
job          count
---------  -------
run_surge        1
total            1

Select jobs to execute...
Execute 1 jobs...

[Tue Nov 26 23:24:42 2024]
localrule run_surge:
    input: surge_input.txt
    output: surge_output.smi
    jobid: 0
    reason: Missing output files: surge_output.smi
    resources: tmpdir=/tmp/nix-shell.LIKsMO/nix-shell-220509-0

[Tue Nov 26 23:24:44 2024]
Finished job 0.
1 of 1 steps (100%) done
Complete log: .snakemake/log/2024-11-26T232442.813511.snakemake.log
