host: nixos
Building DAG of jobs...
Using shell: /nix/store/126zbg10gjaxgs1kxz69h05ai95266cg-bash-interactive-5.2p37/bin/bash
Provided cores: 22
Rules claiming more threads will be scaled down.
Job stats:
job          count
---------  -------
run_surge        1
total            1

Select jobs to execute...
Execute 1 jobs...

[Tue Nov 26 23:41:28 2024]
localrule run_surge:
    input: surge_input.txt
    output: surge_output.smi
    jobid: 0
    reason: Missing output files: surge_output.smi
    resources: tmpdir=/tmp/nix-shell.LIKsMO/nix-shell-220509-0

[Tue Nov 26 23:41:28 2024]
Error in rule run_surge:
    jobid: 0
    input: surge_input.txt
    output: surge_output.smi

Shutting down, this might take some time.
Exiting because a job execution failed. Look above for error message
Complete log: .snakemake/log/2024-11-26T234128.030979.snakemake.log
WorkflowError:
At least one job did not complete successfully.
