host: nixos
Building DAG of jobs...
Using shell: /nix/store/126zbg10gjaxgs1kxz69h05ai95266cg-bash-interactive-5.2p37/bin/bash
Provided cores: 22
Rules claiming more threads will be scaled down.
Job stats:
job                            count
---------------------------  -------
all                                1
build_pydev_image                  1
build_sql_image                    1
build_surge_image                  1
create_database_schema             1
create_docker_network              1
draw_molecules                     1
fragment_analysis                  1
generate_summary_statistics        1
insert_data_to_db                  1
process_csv                        1
run_sql_container                  1
run_surge                          1
validation_error_analysis          1
total                             14

Select jobs to execute...
Execute 4 jobs...

[Sun Dec 15 18:32:00 2024]
localrule build_pydev_image:
    output: sentinel/pydev_image.sentinel
    jobid: 3
    reason: Missing output files: sentinel/pydev_image.sentinel
    resources: tmpdir=/tmp/nix-shell-37431-0/nix-shell-118244-0


[Sun Dec 15 18:32:00 2024]
localrule build_sql_image:
    output: sentinel/sql_sentinel
    jobid: 2
    reason: Missing output files: sentinel/sql_sentinel
    resources: tmpdir=/tmp/nix-shell-37431-0/nix-shell-118244-0


[Sun Dec 15 18:32:00 2024]
localrule build_surge_image:
    output: sentinel/surge_image.sentinel
    jobid: 7
    reason: Missing output files: sentinel/surge_image.sentinel
    resources: tmpdir=/tmp/nix-shell-37431-0/nix-shell-118244-0


[Sun Dec 15 18:32:00 2024]
localrule create_docker_network:
    output: sentinel/network_sentinel
    jobid: 1
    reason: Missing output files: sentinel/network_sentinel
    resources: tmpdir=/tmp/nix-shell-37431-0/nix-shell-118244-0

[Sun Dec 15 18:32:00 2024]
Finished job 7.
1 of 14 steps (7%) done
[Sun Dec 15 18:32:00 2024]
Finished job 1.
2 of 14 steps (14%) done
[Sun Dec 15 18:32:00 2024]
Finished job 2.
3 of 14 steps (21%) done
Select jobs to execute...
Execute 1 jobs...

[Sun Dec 15 18:32:00 2024]
localrule run_sql_container:
    input: sentinel/sql_sentinel, sentinel/network_sentinel
    output: sentinel/sql_running_sentinel
    jobid: 5
    reason: Missing output files: sentinel/sql_running_sentinel; Input files updated by another job: sentinel/sql_sentinel, sentinel/network_sentinel
    resources: tmpdir=/tmp/nix-shell-37431-0/nix-shell-118244-0

[Sun Dec 15 18:32:04 2024]
Finished job 5.
4 of 14 steps (29%) done
[Sun Dec 15 18:32:52 2024]
Finished job 3.
5 of 14 steps (36%) done
Select jobs to execute...
Execute 2 jobs...

[Sun Dec 15 18:32:52 2024]
localrule run_surge:
    input: sentinel/surge_image.sentinel, sentinel/pydev_image.sentinel
    output: output/test_surge_output.smi
    jobid: 6
    reason: Missing output files: output/test_surge_output.smi; Input files updated by another job: sentinel/pydev_image.sentinel, sentinel/surge_image.sentinel
    wildcards: formula=test
    resources: tmpdir=/tmp/nix-shell-37431-0/nix-shell-118244-0


[Sun Dec 15 18:32:52 2024]
localrule create_database_schema:
    input: sentinel/sql_running_sentinel, sentinel/pydev_image.sentinel
    output: sentinel/schema_created.sentinel
    jobid: 4
    reason: Missing output files: sentinel/schema_created.sentinel; Input files updated by another job: sentinel/sql_running_sentinel, sentinel/pydev_image.sentinel
    resources: tmpdir=/tmp/nix-shell-37431-0/nix-shell-118244-0

[Sun Dec 15 18:32:52 2024]
Finished job 6.
6 of 14 steps (43%) done
Select jobs to execute...
Execute 1 jobs...

[Sun Dec 15 18:32:52 2024]
localrule process_csv:
    input: output/test_surge_output.smi
    output: output/test_results.csv
    jobid: 8
    reason: Missing output files: output/test_results.csv; Input files updated by another job: output/test_surge_output.smi
    wildcards: formula=test
    resources: tmpdir=/tmp/nix-shell-37431-0/nix-shell-118244-0

[Sun Dec 15 18:32:52 2024]
Finished job 4.
7 of 14 steps (50%) done
[Sun Dec 15 18:32:53 2024]
Error in rule process_csv:
    jobid: 8
    input: output/test_surge_output.smi
    output: output/test_results.csv
    shell:
        
        docker run --rm --user $(id -u):$(id -g) -v $(pwd):/workspace -w /workspace pydev         /opt/conda/envs/pydev/bin/python scripts/process_pipeline.py         --input output/test_surge_output.smi --output output/test_results.csv
        
        (one of the commands exited with non-zero exit code; note that snakemake uses bash strict mode!)

Shutting down, this might take some time.
Exiting because a job execution failed. Look above for error message
Complete log: .snakemake/log/2024-12-15T183200.554447.snakemake.log
WorkflowError:
At least one job did not complete successfully.
