host: nixos
Building DAG of jobs...
Using shell: /nix/store/0irlcqx2n3qm6b1pc9rsd2i8qpvcccaj-bash-5.2p37/bin/bash
Provided cores: 22
Rules claiming more threads will be scaled down.
Job stats:
job               count
--------------  -------
all                   1
check_lipinski        1
run_surge             1
total                 3

Select jobs to execute...
Execute 1 jobs...

[Wed Nov 27 09:34:35 2024]
localrule run_surge:
    input: surge_input.txt
    output: surge_output.smi
    jobid: 2
    reason: Missing output files: surge_output.smi
    resources: tmpdir=/tmp/nix-shell.C8utOI/nix-shell.Ob6pss

[Wed Nov 27 09:34:36 2024]
Finished job 2.
1 of 3 steps (33%) done
Select jobs to execute...
Execute 1 jobs...

[Wed Nov 27 09:34:36 2024]
localrule check_lipinski:
    input: surge_output.smi
    output: lipinski_results.csv
    jobid: 1
    reason: Missing output files: lipinski_results.csv; Input files updated by another job: surge_output.smi
    resources: tmpdir=/tmp/nix-shell.C8utOI/nix-shell.Ob6pss

[Wed Nov 27 09:34:36 2024]
Finished job 1.
2 of 3 steps (67%) done
Select jobs to execute...
Execute 1 jobs...

[Wed Nov 27 09:34:36 2024]
localrule all:
    input: lipinski_results.csv
    jobid: 0
    reason: Input files updated by another job: lipinski_results.csv
    resources: tmpdir=/tmp/nix-shell.C8utOI/nix-shell.Ob6pss

[Wed Nov 27 09:34:36 2024]
Finished job 0.
3 of 3 steps (100%) done
Complete log: .snakemake/log/2024-11-27T093435.503166.snakemake.log
